2022-03-29 13:14:30,039 INFO o.a.j.u.JMeterUtils: Setting Locale to en_EN
2022-03-29 13:14:30,086 INFO o.a.j.JMeter: Loading user properties from: C:\JMeter\apache-jmeter-5.4\apache-jmeter-5.4\bin\user.properties
2022-03-29 13:14:30,099 INFO o.a.j.JMeter: Loading system properties from: C:\JMeter\apache-jmeter-5.4\apache-jmeter-5.4\bin\system.properties
2022-03-29 13:14:30,124 INFO o.a.j.JMeter: Copyright (c) 1998-2020 The Apache Software Foundation
2022-03-29 13:14:30,124 INFO o.a.j.JMeter: Version 5.4
2022-03-29 13:14:30,124 INFO o.a.j.JMeter: java.version=1.8.0_321
2022-03-29 13:14:30,124 INFO o.a.j.JMeter: java.vm.name=Java HotSpot(TM) 64-Bit Server VM
2022-03-29 13:14:30,125 INFO o.a.j.JMeter: os.name=Windows 10
2022-03-29 13:14:30,125 INFO o.a.j.JMeter: os.arch=amd64
2022-03-29 13:14:30,125 INFO o.a.j.JMeter: os.version=10.0
2022-03-29 13:14:30,125 INFO o.a.j.JMeter: file.encoding=Cp1252
2022-03-29 13:14:30,126 INFO o.a.j.JMeter: java.awt.headless=null
2022-03-29 13:14:30,126 INFO o.a.j.JMeter: Max memory     =1073741824
2022-03-29 13:14:30,126 INFO o.a.j.JMeter: Available Processors =8
2022-03-29 13:14:30,143 INFO o.a.j.JMeter: Default Locale=English (EN)
2022-03-29 13:14:30,144 INFO o.a.j.JMeter: JMeter  Locale=English (EN)
2022-03-29 13:14:30,144 INFO o.a.j.JMeter: JMeterHome=C:\JMeter\apache-jmeter-5.4\apache-jmeter-5.4
2022-03-29 13:14:30,144 INFO o.a.j.JMeter: user.dir  =C:\wamp64\www\git\tickbird
2022-03-29 13:14:30,145 INFO o.a.j.JMeter: PWD       =C:\wamp64\www\git\tickbird
2022-03-29 13:14:30,148 INFO o.a.j.JMeter: IP: 172.23.144.1 Name: EN1410269 FullName: EN1410269.mshome.net
2022-03-29 13:14:30,609 INFO o.a.j.JMeter: Setting LAF to: laf:javax.swing.plaf.metal.MetalLookAndFeel
2022-03-29 13:14:31,229 INFO o.a.j.JMeter: Loaded icon properties from org/apache/jmeter/images/icon.properties
2022-03-29 13:14:38,138 INFO o.j.r.JARSourceHTTP: Requesting https://jmeter-plugins.org/repo/?installID=windows_10-30e3e701e95162c520cbeb45b41e69db-gui
2022-03-29 13:14:39,765 WARN o.a.j.g.ObjectTableModel: Header count=13 but classes count=11
2022-03-29 13:14:39,766 WARN o.a.j.g.ObjectTableModel: Header count=13 but writeFunctor count=11
2022-03-29 13:14:43,170 INFO o.j.r.PluginManager: Plugins Status: [jpgc-graphs-basic=2.0, jpgc-cmd=2.2, jpgc-functions=2.1, jpgc-casutg=2.10, jpgc-dummy=0.4, jpgc-filterresults=2.2, jpgc-plugins-manager=1.7, jpgc-synthesis=2.2, jmeter-core=5.4, jmeter-ftp=5.4, jmeter-http=5.4, jmeter-jdbc=5.4, jmeter-jms=5.4, jmeter-junit=5.4, jmeter-java=5.4, jmeter-ldap=5.4, jmeter-mail=5.4, jmeter-mongodb=5.4, jmeter-native=5.4, jmeter-tcp=5.4, jmeter-components=5.4]
2022-03-29 13:14:43,924 INFO o.a.j.s.FileServer: Default base='C:\wamp64\www\git\tickbird'
2022-03-29 13:14:43,928 INFO o.a.j.g.a.Load: Loading file: C:\wamp64\www\git\tickbird\scraper_tickbird.jmx
2022-03-29 13:14:43,929 INFO o.a.j.s.FileServer: Set new base='C:\wamp64\www\git\tickbird'
2022-03-29 13:14:44,199 INFO o.a.j.s.SaveService: Testplan (JMX) version: 2.2. Testlog (JTL) version: 2.2
2022-03-29 13:14:44,219 INFO o.a.j.s.SaveService: Using SaveService properties file encoding UTF-8
2022-03-29 13:14:44,220 INFO o.a.j.s.SaveService: Using SaveService properties version 5.0
2022-03-29 13:14:44,225 INFO o.a.j.s.SaveService: Loading file: C:\wamp64\www\git\tickbird\scraper_tickbird.jmx
2022-03-29 13:14:44,461 INFO o.a.j.p.h.s.HTTPSamplerBase: Parser for text/html is org.apache.jmeter.protocol.http.parser.LagartoBasedHtmlParser
2022-03-29 13:14:44,461 INFO o.a.j.p.h.s.HTTPSamplerBase: Parser for application/xhtml+xml is org.apache.jmeter.protocol.http.parser.LagartoBasedHtmlParser
2022-03-29 13:14:44,461 INFO o.a.j.p.h.s.HTTPSamplerBase: Parser for application/xml is org.apache.jmeter.protocol.http.parser.LagartoBasedHtmlParser
2022-03-29 13:14:44,462 INFO o.a.j.p.h.s.HTTPSamplerBase: Parser for text/xml is org.apache.jmeter.protocol.http.parser.LagartoBasedHtmlParser
2022-03-29 13:14:44,462 INFO o.a.j.p.h.s.HTTPSamplerBase: Parser for text/vnd.wap.wml is org.apache.jmeter.protocol.http.parser.RegexpHTMLParser
2022-03-29 13:14:44,462 INFO o.a.j.p.h.s.HTTPSamplerBase: Parser for text/css is org.apache.jmeter.protocol.http.parser.CssParser
2022-03-29 13:14:45,396 INFO o.a.j.s.SampleResult: Note: Sample TimeStamps are START times
2022-03-29 13:14:45,396 INFO o.a.j.s.SampleResult: sampleresult.default.encoding is set to UTF-8
2022-03-29 13:14:45,396 INFO o.a.j.s.SampleResult: sampleresult.useNanoTime=true
2022-03-29 13:14:45,397 INFO o.a.j.s.SampleResult: sampleresult.nanoThreadSleep=5000
2022-03-29 13:14:48,339 INFO o.a.j.s.FileServer: Set new base='C:\wamp64\www\git\tickbird'
2022-03-29 13:14:58,617 INFO o.a.j.e.StandardJMeterEngine: Running the test!
2022-03-29 13:14:58,618 INFO o.a.j.s.SampleEvent: List of sample_variables: []
2022-03-29 13:14:58,619 INFO o.a.j.s.SampleEvent: List of sample_variables: []
2022-03-29 13:14:58,620 INFO o.a.j.e.u.CompoundVariable: Note: Function class names must contain the string: '.functions.'
2022-03-29 13:14:58,620 INFO o.a.j.e.u.CompoundVariable: Note: Function class names must not contain the string: '.gui.'
2022-03-29 13:14:59,328 INFO o.a.j.g.u.JMeterMenuBar: setRunning(true, *local*)
2022-03-29 13:14:59,521 INFO o.a.j.e.StandardJMeterEngine: Starting ThreadGroup: 1 : scraper tickbird
2022-03-29 13:14:59,521 INFO o.a.j.e.StandardJMeterEngine: Starting 1 threads for group scraper tickbird.
2022-03-29 13:14:59,521 INFO o.a.j.e.StandardJMeterEngine: Thread will continue on error
2022-03-29 13:14:59,522 INFO o.a.j.t.ThreadGroup: Starting thread group... number=1 threads=1 ramp-up=1 delayedStart=false
2022-03-29 13:14:59,531 INFO o.a.j.t.ThreadGroup: Started thread group number 1
2022-03-29 13:14:59,531 INFO o.a.j.e.StandardJMeterEngine: All thread groups have been started
2022-03-29 13:14:59,533 INFO o.a.j.t.JMeterThread: Thread started: scraper tickbird 1-1
2022-03-29 13:14:59,551 INFO o.a.j.p.h.s.HTTPHCAbstractImpl: Local host = EN1410269
2022-03-29 13:14:59,567 INFO o.a.j.p.h.s.HTTPHC4Impl: HTTP request retry count = 0
2022-03-29 13:14:59,803 INFO o.a.j.p.h.s.h.LazyLayeredConnectionSocketFactory: Setting up HTTPS TrustAll Socket Factory
2022-03-29 13:14:59,810 INFO o.a.j.u.JsseSSLManager: Using default SSL protocol: TLS
2022-03-29 13:14:59,810 INFO o.a.j.u.JsseSSLManager: SSL session context: per-thread
2022-03-29 13:14:59,865 INFO o.a.j.u.SSLManager: JmeterKeyStore Location:  type JKS
2022-03-29 13:14:59,868 INFO o.a.j.u.SSLManager: KeyStore created OK
2022-03-29 13:14:59,869 WARN o.a.j.u.SSLManager: Keystore file not found, loading empty keystore
2022-03-29 13:15:04,690 INFO o.a.j.p.j.s.J.id: b2d25e22-e4ed-4e55-acaf-7c0793b55871
2022-03-29 13:15:04,691 INFO o.a.j.p.j.s.J.id: 1
2022-03-29 13:15:04,693 INFO o.a.j.p.j.s.J.id: Senior QA Test Engineer
2022-03-29 13:15:04,693 INFO o.a.j.p.j.s.J.id: https://tickbird.org/careers#seniormobile
2022-03-29 13:15:04,694 INFO o.a.j.p.j.s.J.id: Cluj Napoca
2022-03-29 13:15:04,710 INFO o.a.j.p.j.s.J.id: 76de9503-491a-41c9-9b66-2d1d504e38c0
2022-03-29 13:15:04,710 INFO o.a.j.p.j.s.J.id: 2
2022-03-29 13:15:04,711 INFO o.a.j.p.j.s.J.id: Mid/Senior Automation QA Engineer
2022-03-29 13:15:04,711 INFO o.a.j.p.j.s.J.id: https://tickbird.org/careers#midsenautomationqaengineer
2022-03-29 13:15:04,711 INFO o.a.j.p.j.s.J.id: Cluj Napoca
2022-03-29 13:15:04,712 INFO o.a.j.p.j.s.J.id: 8e4169fc-f023-44bc-b8d2-b83497bc958e
2022-03-29 13:15:04,713 INFO o.a.j.p.j.s.J.id: 3
2022-03-29 13:15:04,713 INFO o.a.j.p.j.s.J.id: Mid Manual QA Engineer
2022-03-29 13:15:04,713 INFO o.a.j.p.j.s.J.id: https://tickbird.org/careers#midManualQAEngineer
2022-03-29 13:15:04,713 INFO o.a.j.p.j.s.J.id: Cluj Napoca
2022-03-29 13:15:04,714 INFO o.a.j.p.j.s.J.id: b1844ec9-fb4b-468a-855d-8e4ffa574c60
2022-03-29 13:15:04,715 INFO o.a.j.p.j.s.J.id: 4
2022-03-29 13:15:04,715 INFO o.a.j.p.j.s.J.id: Junior Manual QA Engineer
2022-03-29 13:15:04,715 INFO o.a.j.p.j.s.J.id: https://tickbird.org/careers#juniormanualqaengineer
2022-03-29 13:15:04,715 INFO o.a.j.p.j.s.J.id: Cluj Napoca
2022-03-29 13:15:04,716 INFO o.a.j.p.j.s.J.id: 0364be2e-d1c1-4407-8ce7-454d79824ae0
2022-03-29 13:15:04,716 INFO o.a.j.p.j.s.J.id: 5
2022-03-29 13:15:04,716 INFO o.a.j.p.j.s.J.id: Junior Automation QA Engineer
2022-03-29 13:15:04,716 INFO o.a.j.p.j.s.J.id: https://tickbird.org/careers#juniorautomationqaengineer
2022-03-29 13:15:04,717 INFO o.a.j.p.j.s.J.id: Cluj Napoca
2022-03-29 13:15:05,439 INFO o.a.j.t.JMeterThread: Thread is done: scraper tickbird 1-1
2022-03-29 13:15:05,439 INFO o.a.j.t.JMeterThread: Thread finished: scraper tickbird 1-1
2022-03-29 13:15:05,444 INFO o.a.j.e.StandardJMeterEngine: Notifying test listeners of end of test
2022-03-29 13:15:05,445 INFO o.a.j.g.u.JMeterMenuBar: setRunning(false, *local*)
2022-03-29 13:20:03,359 INFO o.a.j.e.StandardJMeterEngine: Running the test!
2022-03-29 13:20:03,360 INFO o.a.j.s.SampleEvent: List of sample_variables: []
2022-03-29 13:20:03,366 INFO o.a.j.g.u.JMeterMenuBar: setRunning(true, *local*)
2022-03-29 13:20:03,595 INFO o.a.j.e.StandardJMeterEngine: Starting ThreadGroup: 1 : scraper tickbird
2022-03-29 13:20:03,596 INFO o.a.j.e.StandardJMeterEngine: Starting 1 threads for group scraper tickbird.
2022-03-29 13:20:03,596 INFO o.a.j.e.StandardJMeterEngine: Thread will continue on error
2022-03-29 13:20:03,596 INFO o.a.j.t.ThreadGroup: Starting thread group... number=1 threads=1 ramp-up=1 delayedStart=false
2022-03-29 13:20:03,598 INFO o.a.j.t.ThreadGroup: Started thread group number 1
2022-03-29 13:20:03,598 INFO o.a.j.e.StandardJMeterEngine: All thread groups have been started
2022-03-29 13:20:03,599 INFO o.a.j.t.JMeterThread: Thread started: scraper tickbird 1-1
2022-03-29 13:20:04,705 INFO o.a.j.p.j.s.J.id: 5e679297-8560-4161-b711-a64a8e1b2892
2022-03-29 13:20:04,706 INFO o.a.j.p.j.s.J.id: 1
2022-03-29 13:20:04,706 INFO o.a.j.p.j.s.J.id: Senior QA Test Engineer
2022-03-29 13:20:04,707 INFO o.a.j.p.j.s.J.id: https://tickbird.org/careers#seniormobile
2022-03-29 13:20:04,707 INFO o.a.j.p.j.s.J.id: Cluj Napoca
2022-03-29 13:20:04,715 INFO o.a.j.p.j.s.J.id: da1a1233-3e83-4019-aa81-56b0e76c9d7d
2022-03-29 13:20:04,716 INFO o.a.j.p.j.s.J.id: 2
2022-03-29 13:20:04,716 INFO o.a.j.p.j.s.J.id: Mid/Senior Automation QA Engineer
2022-03-29 13:20:04,716 INFO o.a.j.p.j.s.J.id: https://tickbird.org/careers#midsenautomationqaengineer
2022-03-29 13:20:04,716 INFO o.a.j.p.j.s.J.id: Cluj Napoca
2022-03-29 13:20:04,720 INFO o.a.j.p.j.s.J.id: 13b7c4ac-87af-4975-b115-0a59945d1495
2022-03-29 13:20:04,721 INFO o.a.j.p.j.s.J.id: 3
2022-03-29 13:20:04,721 INFO o.a.j.p.j.s.J.id: Mid Manual QA Engineer
2022-03-29 13:20:04,721 INFO o.a.j.p.j.s.J.id: https://tickbird.org/careers#midManualQAEngineer
2022-03-29 13:20:04,721 INFO o.a.j.p.j.s.J.id: Cluj Napoca
2022-03-29 13:20:04,724 INFO o.a.j.p.j.s.J.id: a592573a-3ca1-4106-a40b-bd49e57843c3
2022-03-29 13:20:04,724 INFO o.a.j.p.j.s.J.id: 4
2022-03-29 13:20:04,724 INFO o.a.j.p.j.s.J.id: Junior Manual QA Engineer
2022-03-29 13:20:04,725 INFO o.a.j.p.j.s.J.id: https://tickbird.org/careers#juniormanualqaengineer
2022-03-29 13:20:04,725 INFO o.a.j.p.j.s.J.id: Cluj Napoca
2022-03-29 13:20:04,730 INFO o.a.j.p.j.s.J.id: 17ecb35c-4afd-4f14-8401-042b15e0500f
2022-03-29 13:20:04,730 INFO o.a.j.p.j.s.J.id: 5
2022-03-29 13:20:04,731 INFO o.a.j.p.j.s.J.id: Junior Automation QA Engineer
2022-03-29 13:20:04,731 INFO o.a.j.p.j.s.J.id: https://tickbird.org/careers#juniorautomationqaengineer
2022-03-29 13:20:04,731 INFO o.a.j.p.j.s.J.id: Cluj Napoca
2022-03-29 13:20:04,953 INFO o.a.j.t.JMeterThread: Thread is done: scraper tickbird 1-1
2022-03-29 13:20:04,953 INFO o.a.j.t.JMeterThread: Thread finished: scraper tickbird 1-1
2022-03-29 13:20:04,954 INFO o.a.j.e.StandardJMeterEngine: Notifying test listeners of end of test
2022-03-29 13:20:04,955 INFO o.a.j.g.u.JMeterMenuBar: setRunning(false, *local*)
2022-03-29 13:20:42,306 INFO o.a.j.s.FileServer: Set new base='C:\wamp64\www\git\tickbird'
2022-03-29 13:21:55,215 INFO o.a.j.e.StandardJMeterEngine: Running the test!
2022-03-29 13:21:55,216 INFO o.a.j.s.SampleEvent: List of sample_variables: []
2022-03-29 13:21:55,222 INFO o.a.j.g.u.JMeterMenuBar: setRunning(true, *local*)
2022-03-29 13:21:55,423 INFO o.a.j.e.StandardJMeterEngine: Starting ThreadGroup: 1 : scraper tickbird
2022-03-29 13:21:55,423 INFO o.a.j.e.StandardJMeterEngine: Starting 1 threads for group scraper tickbird.
2022-03-29 13:21:55,423 INFO o.a.j.e.StandardJMeterEngine: Thread will continue on error
2022-03-29 13:21:55,423 INFO o.a.j.t.ThreadGroup: Starting thread group... number=1 threads=1 ramp-up=1 delayedStart=false
2022-03-29 13:21:55,425 INFO o.a.j.t.ThreadGroup: Started thread group number 1
2022-03-29 13:21:55,425 INFO o.a.j.e.StandardJMeterEngine: All thread groups have been started
2022-03-29 13:21:55,425 INFO o.a.j.t.JMeterThread: Thread started: scraper tickbird 1-1
2022-03-29 13:21:56,577 INFO o.a.j.p.j.s.J.id: c2278b5e-53dc-46a5-a4a8-eb4113aa6f76
2022-03-29 13:21:56,577 INFO o.a.j.p.j.s.J.id: 1
2022-03-29 13:21:56,578 INFO o.a.j.p.j.s.J.id: Senior QA Test Engineer
2022-03-29 13:21:56,580 INFO o.a.j.p.j.s.J.id: https://tickbird.org/careers#seniormobile
2022-03-29 13:21:56,580 INFO o.a.j.p.j.s.J.id: Cluj Napoca
2022-03-29 13:21:56,584 INFO o.a.j.p.j.s.J.id: 1f7944bf-32bf-43bf-81b2-adbc41936b5e
2022-03-29 13:21:56,584 INFO o.a.j.p.j.s.J.id: 2
2022-03-29 13:21:56,585 INFO o.a.j.p.j.s.J.id: Mid/Senior Automation QA Engineer
2022-03-29 13:21:56,585 INFO o.a.j.p.j.s.J.id: https://tickbird.org/careers#midsenautomationqaengineer
2022-03-29 13:21:56,587 INFO o.a.j.p.j.s.J.id: Cluj Napoca
2022-03-29 13:21:56,590 INFO o.a.j.p.j.s.J.id: 707db480-7266-4e6e-bc8a-183b5321c025
2022-03-29 13:21:56,590 INFO o.a.j.p.j.s.J.id: 3
2022-03-29 13:21:56,591 INFO o.a.j.p.j.s.J.id: Mid Manual QA Engineer
2022-03-29 13:21:56,591 INFO o.a.j.p.j.s.J.id: https://tickbird.org/careers#midManualQAEngineer
2022-03-29 13:21:56,591 INFO o.a.j.p.j.s.J.id: Cluj Napoca
2022-03-29 13:21:56,595 INFO o.a.j.p.j.s.J.id: 7e0dbd51-7282-4032-8cc5-4cf5a6d427e8
2022-03-29 13:21:56,595 INFO o.a.j.p.j.s.J.id: 4
2022-03-29 13:21:56,596 INFO o.a.j.p.j.s.J.id: Junior Manual QA Engineer
2022-03-29 13:21:56,596 INFO o.a.j.p.j.s.J.id: https://tickbird.org/careers#juniormanualqaengineer
2022-03-29 13:21:56,596 INFO o.a.j.p.j.s.J.id: Cluj Napoca
2022-03-29 13:21:56,599 INFO o.a.j.p.j.s.J.id: c4c9ab4b-1a4f-4bf3-9b9d-09e08d9f5951
2022-03-29 13:21:56,600 INFO o.a.j.p.j.s.J.id: 5
2022-03-29 13:21:56,600 INFO o.a.j.p.j.s.J.id: Junior Automation QA Engineer
2022-03-29 13:21:56,600 INFO o.a.j.p.j.s.J.id: https://tickbird.org/careers#juniorautomationqaengineer
2022-03-29 13:21:56,601 INFO o.a.j.p.j.s.J.id: Cluj Napoca
2022-03-29 13:21:57,171 INFO o.a.j.t.JMeterThread: Thread is done: scraper tickbird 1-1
2022-03-29 13:21:57,171 INFO o.a.j.t.JMeterThread: Thread finished: scraper tickbird 1-1
2022-03-29 13:21:57,174 INFO o.a.j.e.StandardJMeterEngine: Notifying test listeners of end of test
2022-03-29 13:21:57,175 INFO o.a.j.g.u.JMeterMenuBar: setRunning(false, *local*)
